2017-12-14 14:41:59,807 INFO    : 重复：C:\Users\tange\Desktop\测试数据\沐浴露\3\jingdong/六神/image (24).jpg
2017-12-14 14:41:59,837 INFO    : 重复：C:\Users\tange\Desktop\测试数据\沐浴露\3\jingdong/六神/image (27).jpg
2017-12-14 14:41:59,850 INFO    : 重复：C:\Users\tange\Desktop\测试数据\沐浴露\3\jingdong/六神/image (28).jpg
2017-12-14 14:41:59,857 INFO    : 重复：C:\Users\tange\Desktop\测试数据\沐浴露\3\jingdong/六神/image (29).jpg
2017-12-14 14:41:59,867 INFO    : 重复：C:\Users\tange\Desktop\测试数据\沐浴露\3\jingdong/六神/image (3).jpeg
2017-12-14 14:41:59,877 INFO    : 重复：C:\Users\tange\Desktop\测试数据\沐浴露\3\jingdong/六神/image (30).jpg
2017-12-14 14:41:59,897 INFO    : 重复：C:\Users\tange\Desktop\测试数据\沐浴露\3\jingdong/六神/image (33).jpeg
2017-12-14 14:41:59,907 INFO    : 重复：C:\Users\tange\Desktop\测试数据\沐浴露\3\jingdong/六神/image (34).jpg
2017-12-14 14:41:59,949 INFO    : 重复：C:\Users\tange\Desktop\测试数据\沐浴露\3\jingdong/六神/image (35).jpg
2017-12-14 14:41:59,997 INFO    : 重复：C:\Users\tange\Desktop\测试数据\沐浴露\3\jingdong/六神/image (36).jpg
2017-12-14 14:42:00,027 INFO    : 重复：C:\Users\tange\Desktop\测试数据\沐浴露\3\jingdong/六神/image (37).jpg
2017-12-14 14:42:00,047 INFO    : 重复：C:\Users\tange\Desktop\测试数据\沐浴露\3\jingdong/六神/image (38).jpeg
2017-12-14 14:42:00,073 INFO    : 重复：C:\Users\tange\Desktop\测试数据\沐浴露\3\jingdong/六神/image (38).jpg
2017-12-14 14:42:00,083 INFO    : 重复：C:\Users\tange\Desktop\测试数据\沐浴露\3\jingdong/六神/image (39).jpeg
2017-12-14 14:42:00,093 INFO    : 重复：C:\Users\tange\Desktop\测试数据\沐浴露\3\jingdong/六神/image (39).jpg
2017-12-14 14:42:00,103 INFO    : 重复：C:\Users\tange\Desktop\测试数据\沐浴露\3\jingdong/六神/image (4).jpeg
2017-12-14 14:42:00,113 INFO    : 重复：C:\Users\tange\Desktop\测试数据\沐浴露\3\jingdong/六神/image (40).jpeg
2017-12-14 14:42:00,133 INFO    : 重复：C:\Users\tange\Desktop\测试数据\沐浴露\3\jingdong/六神/image (40).jpg
2017-12-14 14:42:00,157 INFO    : 重复：C:\Users\tange\Desktop\测试数据\沐浴露\3\jingdong/六神/image (41).jpg
2017-12-14 14:42:00,167 INFO    : 重复：C:\Users\tange\Desktop\测试数据\沐浴露\3\jingdong/六神/image (42).jpeg
2017-12-14 14:42:00,187 INFO    : 重复：C:\Users\tange\Desktop\测试数据\沐浴露\3\jingdong/六神/image (42).jpg
2017-12-14 14:42:00,207 INFO    : 重复：C:\Users\tange\Desktop\测试数据\沐浴露\3\jingdong/六神/image (43).jpeg
2017-12-14 14:42:00,217 INFO    : 重复：C:\Users\tange\Desktop\测试数据\沐浴露\3\jingdong/六神/image (43).jpg
2017-12-14 14:42:00,227 INFO    : 重复：C:\Users\tange\Desktop\测试数据\沐浴露\3\jingdong/六神/image (44).jpeg
2017-12-14 14:42:00,249 INFO    : 重复：C:\Users\tange\Desktop\测试数据\沐浴露\3\jingdong/六神/image (44).jpg
2017-12-14 14:42:00,266 INFO    : 重复：C:\Users\tange\Desktop\测试数据\沐浴露\3\jingdong/六神/image (45).jpeg
2017-12-14 14:42:00,276 INFO    : 重复：C:\Users\tange\Desktop\测试数据\沐浴露\3\jingdong/六神/image (45).jpg
2017-12-14 14:42:00,296 INFO    : 重复：C:\Users\tange\Desktop\测试数据\沐浴露\3\jingdong/六神/image (46).jpeg
2017-12-14 14:42:00,316 INFO    : 重复：C:\Users\tange\Desktop\测试数据\沐浴露\3\jingdong/六神/image (47).jpeg
2017-12-14 14:42:00,347 INFO    : 重复：C:\Users\tange\Desktop\测试数据\沐浴露\3\jingdong/六神/image (47).jpg
2017-12-14 14:42:00,356 INFO    : 重复：C:\Users\tange\Desktop\测试数据\沐浴露\3\jingdong/六神/image (48).jpeg
2017-12-14 14:42:00,367 INFO    : 重复：C:\Users\tange\Desktop\测试数据\沐浴露\3\jingdong/六神/image (48).jpg
2017-12-14 14:42:00,377 INFO    : 重复：C:\Users\tange\Desktop\测试数据\沐浴露\3\jingdong/六神/image (49).jpeg
2017-12-14 14:42:00,387 INFO    : 重复：C:\Users\tange\Desktop\测试数据\沐浴露\3\jingdong/六神/image (49).jpg
2017-12-14 14:42:00,407 INFO    : 重复：C:\Users\tange\Desktop\测试数据\沐浴露\3\jingdong/六神/image (5).jpeg
2017-12-14 14:42:00,417 INFO    : 重复：C:\Users\tange\Desktop\测试数据\沐浴露\3\jingdong/六神/image (5).jpg
2017-12-14 14:42:00,437 INFO    : 重复：C:\Users\tange\Desktop\测试数据\沐浴露\3\jingdong/六神/image (50).jpeg
2017-12-14 14:42:00,456 INFO    : 重复：C:\Users\tange\Desktop\测试数据\沐浴露\3\jingdong/六神/image (50).jpg
2017-12-14 14:42:00,467 INFO    : 重复：C:\Users\tange\Desktop\测试数据\沐浴露\3\jingdong/六神/image (51).jpeg
2017-12-14 14:42:00,487 INFO    : 重复：C:\Users\tange\Desktop\测试数据\沐浴露\3\jingdong/六神/image (51).jpg
2017-12-14 14:42:00,497 INFO    : 重复：C:\Users\tange\Desktop\测试数据\沐浴露\3\jingdong/六神/image (52).jpeg
2017-12-14 14:42:00,507 INFO    : 重复：C:\Users\tange\Desktop\测试数据\沐浴露\3\jingdong/六神/image (53).jpeg
2017-12-14 14:42:00,527 INFO    : 重复：C:\Users\tange\Desktop\测试数据\沐浴露\3\jingdong/六神/image (53).jpg
2017-12-14 14:42:00,537 INFO    : 重复：C:\Users\tange\Desktop\测试数据\沐浴露\3\jingdong/六神/image (54).jpeg
2017-12-14 14:42:00,557 INFO    : 重复：C:\Users\tange\Desktop\测试数据\沐浴露\3\jingdong/六神/image (54).jpg
2017-12-14 14:42:00,567 INFO    : 重复：C:\Users\tange\Desktop\测试数据\沐浴露\3\jingdong/六神/image (55).jpeg
2017-12-14 14:42:00,577 INFO    : 重复：C:\Users\tange\Desktop\测试数据\沐浴露\3\jingdong/六神/image (57).jpeg
2017-12-14 14:42:00,597 INFO    : 重复：C:\Users\tange\Desktop\测试数据\沐浴露\3\jingdong/六神/image (6).jpeg
2017-12-14 14:42:00,627 INFO    : 重复：C:\Users\tange\Desktop\测试数据\沐浴露\3\jingdong/六神/image (6).jpg
2017-12-14 14:42:00,654 INFO    : 重复：C:\Users\tange\Desktop\测试数据\沐浴露\3\jingdong/六神/image (7).jpeg
2017-12-14 14:42:00,667 INFO    : 重复：C:\Users\tange\Desktop\测试数据\沐浴露\3\jingdong/六神/image (7).jpg
2017-12-14 14:42:00,677 INFO    : 重复：C:\Users\tange\Desktop\测试数据\沐浴露\3\jingdong/六神/image (8).jpg
2017-12-14 14:42:00,697 INFO    : 重复：C:\Users\tange\Desktop\测试数据\沐浴露\3\jingdong/六神/image (9).jpeg
2017-12-14 14:42:00,707 INFO    : 重复：C:\Users\tange\Desktop\测试数据\沐浴露\3\jingdong/六神/image (9).jpg
2017-12-14 14:42:00,727 INFO    : 重复：C:\Users\tange\Desktop\测试数据\沐浴露\3\jingdong/强生/image (12).jpeg
2017-12-14 14:42:00,737 INFO    : 重复：C:\Users\tange\Desktop\测试数据\沐浴露\3\jingdong/强生/image (14).jpeg
2017-12-14 14:42:00,757 INFO    : 重复：C:\Users\tange\Desktop\测试数据\沐浴露\3\jingdong/强生/image (16).jpeg
2017-12-14 14:42:00,767 INFO    : 重复：C:\Users\tange\Desktop\测试数据\沐浴露\3\jingdong/强生/image (18).jpeg
2017-12-14 14:42:00,787 INFO    : 重复：C:\Users\tange\Desktop\测试数据\沐浴露\3\jingdong/强生/image (19).jpeg
2017-12-14 14:42:00,807 INFO    : 重复：C:\Users\tange\Desktop\测试数据\沐浴露\3\jingdong/强生/image (20).jpeg
2017-12-14 14:42:00,827 INFO    : 重复：C:\Users\tange\Desktop\测试数据\沐浴露\3\jingdong/强生/image (21).jpeg
2017-12-14 14:42:00,852 INFO    : 重复：C:\Users\tange\Desktop\测试数据\沐浴露\3\jingdong/强生/image (23).jpeg
2017-12-14 14:42:00,857 INFO    : 重复：C:\Users\tange\Desktop\测试数据\沐浴露\3\jingdong/强生/image (24).jpeg
2017-12-14 14:42:00,877 INFO    : 重复：C:\Users\tange\Desktop\测试数据\沐浴露\3\jingdong/强生/image (24).jpg
2017-12-14 14:42:00,917 INFO    : 重复：C:\Users\tange\Desktop\测试数据\沐浴露\3\jingdong/强生/image (25).jpg
2017-12-14 14:42:00,937 INFO    : 重复：C:\Users\tange\Desktop\测试数据\沐浴露\3\jingdong/强生/image (26).jpeg
2017-12-14 14:42:00,952 INFO    : 重复：C:\Users\tange\Desktop\测试数据\沐浴露\3\jingdong/强生/image (26).jpg
2017-12-14 14:42:00,957 INFO    : 重复：C:\Users\tange\Desktop\测试数据\沐浴露\3\jingdong/强生/image (27).jpeg
2017-12-14 14:42:00,977 INFO    : 重复：C:\Users\tange\Desktop\测试数据\沐浴露\3\jingdong/强生/image (28).jpg
2017-12-14 14:42:00,977 INFO    : 重复：C:\Users\tange\Desktop\测试数据\沐浴露\3\jingdong/强生/image (29).jpeg
2017-12-14 14:42:00,997 INFO    : 重复：C:\Users\tange\Desktop\测试数据\沐浴露\3\jingdong/强生/image (29).jpg
2017-12-14 14:42:01,017 INFO    : 重复：C:\Users\tange\Desktop\测试数据\沐浴露\3\jingdong/强生/image (3).jpg
2017-12-14 14:42:01,027 INFO    : 重复：C:\Users\tange\Desktop\测试数据\沐浴露\3\jingdong/强生/image (30).jpeg
2017-12-14 14:42:01,037 INFO    : 重复：C:\Users\tange\Desktop\测试数据\沐浴露\3\jingdong/强生/image (32).jpg
2017-12-14 14:42:01,057 INFO    : 重复：C:\Users\tange\Desktop\测试数据\沐浴露\3\jingdong/强生/image (33).jpeg
2017-12-14 14:42:01,067 INFO    : 重复：C:\Users\tange\Desktop\测试数据\沐浴露\3\jingdong/强生/image (33).jpg
2017-12-14 14:42:01,087 INFO    : 重复：C:\Users\tange\Desktop\测试数据\沐浴露\3\jingdong/强生/image (34).jpg
2017-12-14 14:42:01,097 INFO    : 重复：C:\Users\tange\Desktop\测试数据\沐浴露\3\jingdong/强生/image (35).jpg
2017-12-14 14:42:01,117 INFO    : 重复：C:\Users\tange\Desktop\测试数据\沐浴露\3\jingdong/强生/image (36).jpg
2017-12-14 14:42:01,137 INFO    : 重复：C:\Users\tange\Desktop\测试数据\沐浴露\3\jingdong/强生/image (37).jpg
2017-12-14 14:42:01,157 INFO    : 重复：C:\Users\tange\Desktop\测试数据\沐浴露\3\jingdong/强生/image (38).jpg
2017-12-14 14:42:01,177 INFO    : 重复：C:\Users\tange\Desktop\测试数据\沐浴露\3\jingdong/强生/image (39).jpg
2017-12-14 14:42:01,187 INFO    : 重复：C:\Users\tange\Desktop\测试数据\沐浴露\3\jingdong/强生/image (4).jpeg
2017-12-14 14:42:01,197 INFO    : 重复：C:\Users\tange\Desktop\测试数据\沐浴露\3\jingdong/强生/image (40).jpg
2017-12-14 14:42:01,217 INFO    : 重复：C:\Users\tange\Desktop\测试数据\沐浴露\3\jingdong/强生/image (41).jpg
2017-12-14 14:42:01,237 INFO    : 重复：C:\Users\tange\Desktop\测试数据\沐浴露\3\jingdong/强生/image (42).jpg
2017-12-14 14:42:01,254 INFO    : 重复：C:\Users\tange\Desktop\测试数据\沐浴露\3\jingdong/强生/image (43).jpg
2017-12-14 14:42:01,267 INFO    : 重复：C:\Users\tange\Desktop\测试数据\沐浴露\3\jingdong/强生/image (44).jpg
2017-12-14 14:42:01,287 INFO    : 重复：C:\Users\tange\Desktop\测试数据\沐浴露\3\jingdong/强生/image (45).jpg
2017-12-14 14:42:01,297 INFO    : 重复：C:\Users\tange\Desktop\测试数据\沐浴露\3\jingdong/强生/image (46).jpg
2017-12-14 14:42:01,307 INFO    : 重复：C:\Users\tange\Desktop\测试数据\沐浴露\3\jingdong/强生/image (47).jpg
2017-12-14 14:42:01,327 INFO    : 重复：C:\Users\tange\Desktop\测试数据\沐浴露\3\jingdong/强生/image (48).jpg
2017-12-14 14:42:01,350 INFO    : 重复：C:\Users\tange\Desktop\测试数据\沐浴露\3\jingdong/强生/image (49).jpg
2017-12-14 14:42:01,357 INFO    : 重复：C:\Users\tange\Desktop\测试数据\沐浴露\3\jingdong/强生/image (5).jpeg
2017-12-14 14:42:01,377 INFO    : 重复：C:\Users\tange\Desktop\测试数据\沐浴露\3\jingdong/强生/image (5).jpg
2017-12-14 14:42:01,397 INFO    : 重复：C:\Users\tange\Desktop\测试数据\沐浴露\3\jingdong/强生/image (50).jpg
2017-12-14 14:42:01,467 INFO    : 重复：C:\Users\tange\Desktop\测试数据\沐浴露\3\jingdong/强生/image (51).jpg
2017-12-14 14:42:01,487 INFO    : 重复：C:\Users\tange\Desktop\测试数据\沐浴露\3\jingdong/强生/image (52).jpg
2017-12-14 14:42:01,497 INFO    : 重复：C:\Users\tange\Desktop\测试数据\沐浴露\3\jingdong/强生/image (53).jpg
2017-12-14 14:42:01,517 INFO    : 重复：C:\Users\tange\Desktop\测试数据\沐浴露\3\jingdong/强生/image (54).jpg
2017-12-14 14:42:01,527 INFO    : 重复：C:\Users\tange\Desktop\测试数据\沐浴露\3\jingdong/强生/image (55).jpg
2017-12-14 14:42:01,537 INFO    : 重复：C:\Users\tange\Desktop\测试数据\沐浴露\3\jingdong/强生/image (56).jpg
2017-12-14 14:42:01,557 INFO    : 重复：C:\Users\tange\Desktop\测试数据\沐浴露\3\jingdong/强生/image (57).jpg
2017-12-14 14:42:01,577 INFO    : 重复：C:\Users\tange\Desktop\测试数据\沐浴露\3\jingdong/强生/image (58).jpg
2017-12-14 14:42:01,587 INFO    : 重复：C:\Users\tange\Desktop\测试数据\沐浴露\3\jingdong/强生/image (59).jpg
2017-12-14 14:42:01,597 INFO    : 重复：C:\Users\tange\Desktop\测试数据\沐浴露\3\jingdong/强生/image (6).jpeg
2017-12-14 14:42:01,627 INFO    : 重复：C:\Users\tange\Desktop\测试数据\沐浴露\3\jingdong/强生/image (6).jpg
2017-12-14 14:42:01,662 INFO    : 重复：C:\Users\tange\Desktop\测试数据\沐浴露\3\jingdong/强生/image (60).jpg
2017-12-14 14:42:01,676 INFO    : 重复：C:\Users\tange\Desktop\测试数据\沐浴露\3\jingdong/强生/image (61).jpg
2017-12-14 14:42:01,689 INFO    : 重复：C:\Users\tange\Desktop\测试数据\沐浴露\3\jingdong/强生/image (62).jpg
2017-12-14 14:42:01,699 INFO    : 重复：C:\Users\tange\Desktop\测试数据\沐浴露\3\jingdong/强生/image (7).jpeg
2017-12-14 14:42:01,715 INFO    : 重复：C:\Users\tange\Desktop\测试数据\沐浴露\3\jingdong/强生/image (7).jpg
2017-12-14 14:42:01,724 INFO    : 重复：C:\Users\tange\Desktop\测试数据\沐浴露\3\jingdong/强生/image (8).jpeg
2017-12-14 14:42:01,744 INFO    : 重复：C:\Users\tange\Desktop\测试数据\沐浴露\3\jingdong/强生/image (8).jpg
2017-12-14 14:42:01,759 INFO    : 重复：C:\Users\tange\Desktop\测试数据\沐浴露\3\jingdong/强生/image (9).jpeg
2017-12-14 14:42:01,772 INFO    : 重复：C:\Users\tange\Desktop\测试数据\沐浴露\3\jingdong/强生/image (9).jpg
2017-12-14 14:42:01,787 INFO    : 重复：C:\Users\tange\Desktop\测试数据\沐浴露\3\jingdong/玉兰油/image (10).jpeg
2017-12-14 14:42:01,797 INFO    : 重复：C:\Users\tange\Desktop\测试数据\沐浴露\3\jingdong/玉兰油/image (14).jpg
2017-12-14 14:42:01,807 INFO    : 重复：C:\Users\tange\Desktop\测试数据\沐浴露\3\jingdong/玉兰油/image (19).jpeg
2017-12-14 14:42:01,827 INFO    : 重复：C:\Users\tange\Desktop\测试数据\沐浴露\3\jingdong/玉兰油/image (2).jpg
2017-12-14 14:42:01,837 INFO    : 重复：C:\Users\tange\Desktop\测试数据\沐浴露\3\jingdong/玉兰油/image (20).jpeg
2017-12-14 14:42:01,857 INFO    : 重复：C:\Users\tange\Desktop\测试数据\沐浴露\3\jingdong/玉兰油/image (21).jpeg
2017-12-14 14:42:01,877 INFO    : 重复：C:\Users\tange\Desktop\测试数据\沐浴露\3\jingdong/玉兰油/image (22).jpeg
2017-12-14 14:42:01,897 INFO    : 重复：C:\Users\tange\Desktop\测试数据\沐浴露\3\jingdong/玉兰油/image (24).jpeg
2017-12-14 14:42:01,917 INFO    : 重复：C:\Users\tange\Desktop\测试数据\沐浴露\3\jingdong/玉兰油/image (26).jpeg
2017-12-14 14:42:01,927 INFO    : 重复：C:\Users\tange\Desktop\测试数据\沐浴露\3\jingdong/玉兰油/image (27).jpeg
2017-12-14 14:42:01,947 INFO    : 重复：C:\Users\tange\Desktop\测试数据\沐浴露\3\jingdong/玉兰油/image (29).jpeg
2017-12-14 14:42:01,968 INFO    : 重复：C:\Users\tange\Desktop\测试数据\沐浴露\3\jingdong/玉兰油/image (3).jpg
2017-12-14 14:42:01,977 INFO    : 重复：C:\Users\tange\Desktop\测试数据\沐浴露\3\jingdong/玉兰油/image (31).jpeg
2017-12-14 14:42:01,987 INFO    : 重复：C:\Users\tange\Desktop\测试数据\沐浴露\3\jingdong/玉兰油/image (32).jpeg
2017-12-14 14:42:02,007 INFO    : 重复：C:\Users\tange\Desktop\测试数据\沐浴露\3\jingdong/玉兰油/image (32).jpg
2017-12-14 14:42:02,017 INFO    : 重复：C:\Users\tange\Desktop\测试数据\沐浴露\3\jingdong/玉兰油/image (33).jpeg
2017-12-14 14:42:02,027 INFO    : 重复：C:\Users\tange\Desktop\测试数据\沐浴露\3\jingdong/玉兰油/image (33).jpg
2017-12-14 14:42:02,047 INFO    : 重复：C:\Users\tange\Desktop\测试数据\沐浴露\3\jingdong/玉兰油/image (34).jpeg
2017-12-14 14:42:02,069 INFO    : 重复：C:\Users\tange\Desktop\测试数据\沐浴露\3\jingdong/玉兰油/image (35).jpeg
2017-12-14 14:42:02,077 INFO    : 重复：C:\Users\tange\Desktop\测试数据\沐浴露\3\jingdong/玉兰油/image (35).jpg
2017-12-14 14:42:02,097 INFO    : 重复：C:\Users\tange\Desktop\测试数据\沐浴露\3\jingdong/玉兰油/image (36).jpeg
2017-12-14 14:42:02,117 INFO    : 重复：C:\Users\tange\Desktop\测试数据\沐浴露\3\jingdong/玉兰油/image (37).jpeg
2017-12-14 14:42:02,127 INFO    : 重复：C:\Users\tange\Desktop\测试数据\沐浴露\3\jingdong/玉兰油/image (37).jpg
2017-12-14 14:42:02,137 INFO    : 重复：C:\Users\tange\Desktop\测试数据\沐浴露\3\jingdong/玉兰油/image (38).jpeg
2017-12-14 14:42:02,157 INFO    : 重复：C:\Users\tange\Desktop\测试数据\沐浴露\3\jingdong/玉兰油/image (39).jpeg
2017-12-14 14:42:02,172 INFO    : 重复：C:\Users\tange\Desktop\测试数据\沐浴露\3\jingdong/玉兰油/image (4).jpg
2017-12-14 14:42:02,177 INFO    : 重复：C:\Users\tange\Desktop\测试数据\沐浴露\3\jingdong/玉兰油/image (40).jpeg
2017-12-14 14:42:02,197 INFO    : 重复：C:\Users\tange\Desktop\测试数据\沐浴露\3\jingdong/玉兰油/image (41).jpeg
2017-12-14 14:42:02,207 INFO    : 重复：C:\Users\tange\Desktop\测试数据\沐浴露\3\jingdong/玉兰油/image (42).jpeg
2017-12-14 14:42:02,227 INFO    : 重复：C:\Users\tange\Desktop\测试数据\沐浴露\3\jingdong/玉兰油/image (44).jpeg
2017-12-14 14:42:02,247 INFO    : 重复：C:\Users\tange\Desktop\测试数据\沐浴露\3\jingdong/玉兰油/image (45).jpeg
2017-12-14 14:42:02,272 INFO    : 重复：C:\Users\tange\Desktop\测试数据\沐浴露\3\jingdong/玉兰油/image (45).jpg
2017-12-14 14:42:02,277 INFO    : 重复：C:\Users\tange\Desktop\测试数据\沐浴露\3\jingdong/玉兰油/image (46).jpg
2017-12-14 14:42:02,297 INFO    : 重复：C:\Users\tange\Desktop\测试数据\沐浴露\3\jingdong/玉兰油/image (48).jpeg
2017-12-14 14:42:02,317 INFO    : 重复：C:\Users\tange\Desktop\测试数据\沐浴露\3\jingdong/玉兰油/image (49).jpeg
2017-12-14 14:42:02,327 INFO    : 重复：C:\Users\tange\Desktop\测试数据\沐浴露\3\jingdong/玉兰油/image (5).jpg
2017-12-14 14:42:02,337 INFO    : 重复：C:\Users\tange\Desktop\测试数据\沐浴露\3\jingdong/玉兰油/image (51).jpeg
2017-12-14 14:42:02,347 INFO    : 重复：C:\Users\tange\Desktop\测试数据\沐浴露\3\jingdong/玉兰油/image (53).jpeg
2017-12-14 14:42:02,372 INFO    : 重复：C:\Users\tange\Desktop\测试数据\沐浴露\3\jingdong/玉兰油/image (53).jpg
2017-12-14 14:42:02,377 INFO    : 重复：C:\Users\tange\Desktop\测试数据\沐浴露\3\jingdong/玉兰油/image (54).jpeg
2017-12-14 14:42:02,398 INFO    : 重复：C:\Users\tange\Desktop\测试数据\沐浴露\3\jingdong/玉兰油/image (54).jpg
2017-12-14 14:42:02,418 INFO    : 重复：C:\Users\tange\Desktop\测试数据\沐浴露\3\jingdong/玉兰油/image (55).jpeg
2017-12-14 14:42:02,428 INFO    : 重复：C:\Users\tange\Desktop\测试数据\沐浴露\3\jingdong/玉兰油/image (55).jpg
2017-12-14 14:42:02,448 INFO    : 重复：C:\Users\tange\Desktop\测试数据\沐浴露\3\jingdong/玉兰油/image (56).jpeg
2017-12-14 14:42:02,474 INFO    : 重复：C:\Users\tange\Desktop\测试数据\沐浴露\3\jingdong/玉兰油/image (56).jpg
2017-12-14 14:42:02,488 INFO    : 重复：C:\Users\tange\Desktop\测试数据\沐浴露\3\jingdong/玉兰油/image (57).jpeg
2017-12-14 14:42:02,498 INFO    : 重复：C:\Users\tange\Desktop\测试数据\沐浴露\3\jingdong/玉兰油/image (58).jpeg
2017-12-14 14:42:02,518 INFO    : 重复：C:\Users\tange\Desktop\测试数据\沐浴露\3\jingdong/玉兰油/image (59).jpeg
2017-12-14 14:42:02,528 INFO    : 重复：C:\Users\tange\Desktop\测试数据\沐浴露\3\jingdong/玉兰油/image (6).jpg
2017-12-14 14:42:02,538 INFO    : 重复：C:\Users\tange\Desktop\测试数据\沐浴露\3\jingdong/玉兰油/image (65).jpg
2017-12-14 14:42:02,558 INFO    : 重复：C:\Users\tange\Desktop\测试数据\沐浴露\3\jingdong/玉兰油/image (66).jpg
2017-12-14 14:42:02,578 INFO    : 重复：C:\Users\tange\Desktop\测试数据\沐浴露\3\jingdong/玉兰油/image (67).jpg
2017-12-14 14:42:02,588 INFO    : 重复：C:\Users\tange\Desktop\测试数据\沐浴露\3\jingdong/玉兰油/image (68).jpeg
2017-12-14 14:42:02,608 INFO    : 重复：C:\Users\tange\Desktop\测试数据\沐浴露\3\jingdong/玉兰油/image (68).jpg
2017-12-14 14:42:02,628 INFO    : 重复：C:\Users\tange\Desktop\测试数据\沐浴露\3\jingdong/玉兰油/image (69).jpeg
2017-12-14 14:42:02,638 INFO    : 重复：C:\Users\tange\Desktop\测试数据\沐浴露\3\jingdong/玉兰油/image (69).jpg
2017-12-14 14:42:02,658 INFO    : 重复：C:\Users\tange\Desktop\测试数据\沐浴露\3\jingdong/玉兰油/image (7).jpg
2017-12-14 14:42:02,678 INFO    : 重复：C:\Users\tange\Desktop\测试数据\沐浴露\3\jingdong/玉兰油/image (70).jpeg
2017-12-14 14:42:02,688 INFO    : 重复：C:\Users\tange\Desktop\测试数据\沐浴露\3\jingdong/玉兰油/image (70).jpg
2017-12-14 14:42:02,698 INFO    : 重复：C:\Users\tange\Desktop\测试数据\沐浴露\3\jingdong/玉兰油/image (71).jpeg
2017-12-14 14:42:02,718 INFO    : 重复：C:\Users\tange\Desktop\测试数据\沐浴露\3\jingdong/玉兰油/image (71).jpg
2017-12-14 14:42:02,728 INFO    : 重复：C:\Users\tange\Desktop\测试数据\沐浴露\3\jingdong/玉兰油/image (72).jpeg
2017-12-14 14:42:02,738 INFO    : 重复：C:\Users\tange\Desktop\测试数据\沐浴露\3\jingdong/玉兰油/image (72).jpg
2017-12-14 14:42:02,758 INFO    : 重复：C:\Users\tange\Desktop\测试数据\沐浴露\3\jingdong/玉兰油/image (73).jpeg
2017-12-14 14:42:02,778 INFO    : 重复：C:\Users\tange\Desktop\测试数据\沐浴露\3\jingdong/玉兰油/image (73).jpg
2017-12-14 14:42:02,798 INFO    : 重复：C:\Users\tange\Desktop\测试数据\沐浴露\3\jingdong/玉兰油/image (74).jpeg
2017-12-14 14:42:02,808 INFO    : 重复：C:\Users\tange\Desktop\测试数据\沐浴露\3\jingdong/玉兰油/image (75).jpeg
2017-12-14 14:42:02,828 INFO    : 重复：C:\Users\tange\Desktop\测试数据\沐浴露\3\jingdong/玉兰油/image (77).jpeg
2017-12-14 14:42:02,848 INFO    : 重复：C:\Users\tange\Desktop\测试数据\沐浴露\3\jingdong/玉兰油/image (79).jpeg
2017-12-14 14:42:02,858 INFO    : 重复：C:\Users\tange\Desktop\测试数据\沐浴露\3\jingdong/玉兰油/image (79).jpg
2017-12-14 14:42:02,876 INFO    : 重复：C:\Users\tange\Desktop\测试数据\沐浴露\3\jingdong/玉兰油/image (8).jpeg
2017-12-14 14:42:02,898 INFO    : 重复：C:\Users\tange\Desktop\测试数据\沐浴露\3\jingdong/玉兰油/image (8).jpg
2017-12-14 14:42:02,918 INFO    : 重复：C:\Users\tange\Desktop\测试数据\沐浴露\3\jingdong/玉兰油/image (81).jpg
2017-12-14 14:42:02,928 INFO    : 重复：C:\Users\tange\Desktop\测试数据\沐浴露\3\jingdong/玉兰油/image (82).jpeg
2017-12-14 14:42:02,938 INFO    : 重复：C:\Users\tange\Desktop\测试数据\沐浴露\3\jingdong/玉兰油/image (82).jpg
2017-12-14 14:42:03,057 INFO    : 重复：C:\Users\tange\Desktop\测试数据\沐浴露\3\jingdong/玉兰油/image (83).jpg
2017-12-14 14:42:03,057 INFO    : 重复：C:\Users\tange\Desktop\测试数据\沐浴露\3\jingdong/玉兰油/image (84).jpeg
2017-12-14 14:42:03,108 INFO    : 重复：C:\Users\tange\Desktop\测试数据\沐浴露\3\jingdong/玉兰油/image (85).jpeg
2017-12-14 14:42:03,118 INFO    : 重复：C:\Users\tange\Desktop\测试数据\沐浴露\3\jingdong/玉兰油/image (86).jpeg
2017-12-14 14:42:03,118 INFO    : 重复：C:\Users\tange\Desktop\测试数据\沐浴露\3\jingdong/玉兰油/image (87).jpeg
2017-12-14 14:42:03,128 INFO    : 重复：C:\Users\tange\Desktop\测试数据\沐浴露\3\jingdong/玉兰油/image (9).jpeg
2017-12-14 14:42:03,148 INFO    : 重复：C:\Users\tange\Desktop\测试数据\沐浴露\3\jingdong/玉兰油/image (9).jpg
2017-12-14 14:42:03,170 INFO    : 重复：C:\Users\tange\Desktop\测试数据\沐浴露\3\jingdong/舒肤佳/image (110).jpg
2017-12-14 14:42:03,178 INFO    : 重复：C:\Users\tange\Desktop\测试数据\沐浴露\3\jingdong/舒肤佳/image (113).jpg
2017-12-14 14:42:03,188 INFO    : 重复：C:\Users\tange\Desktop\测试数据\沐浴露\3\jingdong/舒肤佳/image (114).jpg
2017-12-14 14:42:03,208 INFO    : 重复：C:\Users\tange\Desktop\测试数据\沐浴露\3\jingdong/舒肤佳/image (117).jpg
2017-12-14 14:42:03,218 INFO    : 重复：C:\Users\tange\Desktop\测试数据\沐浴露\3\jingdong/舒肤佳/image (14).jpeg
2017-12-14 14:42:03,238 INFO    : 重复：C:\Users\tange\Desktop\测试数据\沐浴露\3\jingdong/舒肤佳/image (17).jpeg
2017-12-14 14:42:03,258 INFO    : 重复：C:\Users\tange\Desktop\测试数据\沐浴露\3\jingdong/舒肤佳/image (18).jpeg
2017-12-14 14:42:03,276 INFO    : 重复：C:\Users\tange\Desktop\测试数据\沐浴露\3\jingdong/舒肤佳/image (19).jpeg
2017-12-14 14:42:03,288 INFO    : 重复：C:\Users\tange\Desktop\测试数据\沐浴露\3\jingdong/舒肤佳/image (2).jpeg
2017-12-14 14:42:03,298 INFO    : 重复：C:\Users\tange\Desktop\测试数据\沐浴露\3\jingdong/舒肤佳/image (2).jpg
2017-12-14 14:42:03,308 INFO    : 重复：C:\Users\tange\Desktop\测试数据\沐浴露\3\jingdong/舒肤佳/image (20).jpeg
2017-12-14 14:42:03,318 INFO    : 重复：C:\Users\tange\Desktop\测试数据\沐浴露\3\jingdong/舒肤佳/image (21).jpeg
2017-12-14 14:42:03,338 INFO    : 重复：C:\Users\tange\Desktop\测试数据\沐浴露\3\jingdong/舒肤佳/image (22).jpeg
2017-12-14 14:42:03,358 INFO    : 重复：C:\Users\tange\Desktop\测试数据\沐浴露\3\jingdong/舒肤佳/image (23).jpeg
2017-12-14 14:42:03,378 INFO    : 重复：C:\Users\tange\Desktop\测试数据\沐浴露\3\jingdong/舒肤佳/image (24).jpeg
2017-12-14 14:42:03,398 INFO    : 重复：C:\Users\tange\Desktop\测试数据\沐浴露\3\jingdong/舒肤佳/image (25).jpeg
2017-12-14 14:42:03,418 INFO    : 重复：C:\Users\tange\Desktop\测试数据\沐浴露\3\jingdong/舒肤佳/image (27).jpeg
2017-12-14 14:42:03,438 INFO    : 重复：C:\Users\tange\Desktop\测试数据\沐浴露\3\jingdong/舒肤佳/image (29).jpeg
2017-12-14 14:42:03,448 INFO    : 重复：C:\Users\tange\Desktop\测试数据\沐浴露\3\jingdong/舒肤佳/image (30).jpeg
2017-12-14 14:42:03,472 INFO    : 重复：C:\Users\tange\Desktop\测试数据\沐浴露\3\jingdong/舒肤佳/image (30).jpg
2017-12-14 14:42:03,478 INFO    : 重复：C:\Users\tange\Desktop\测试数据\沐浴露\3\jingdong/舒肤佳/image (31).jpeg
2017-12-14 14:42:03,498 INFO    : 重复：C:\Users\tange\Desktop\测试数据\沐浴露\3\jingdong/舒肤佳/image (31).jpg
2017-12-14 14:42:03,508 INFO    : 重复：C:\Users\tange\Desktop\测试数据\沐浴露\3\jingdong/舒肤佳/image (32).jpg
2017-12-14 14:42:03,518 INFO    : 重复：C:\Users\tange\Desktop\测试数据\沐浴露\3\jingdong/舒肤佳/image (33).jpeg
2017-12-14 14:42:03,528 INFO    : 重复：C:\Users\tange\Desktop\测试数据\沐浴露\3\jingdong/舒肤佳/image (33).jpg
2017-12-14 14:42:03,548 INFO    : 重复：C:\Users\tange\Desktop\测试数据\沐浴露\3\jingdong/舒肤佳/image (34).jpeg
2017-12-14 14:42:03,570 INFO    : 重复：C:\Users\tange\Desktop\测试数据\沐浴露\3\jingdong/舒肤佳/image (34).jpg
2017-12-14 14:42:03,577 INFO    : 重复：C:\Users\tange\Desktop\测试数据\沐浴露\3\jingdong/舒肤佳/image (35).jpeg
2017-12-14 14:42:03,597 INFO    : 重复：C:\Users\tange\Desktop\测试数据\沐浴露\3\jingdong/舒肤佳/image (35).jpg
2017-12-14 14:42:03,617 INFO    : 重复：C:\Users\tange\Desktop\测试数据\沐浴露\3\jingdong/舒肤佳/image (36).jpeg
2017-12-14 14:42:03,637 INFO    : 重复：C:\Users\tange\Desktop\测试数据\沐浴露\3\jingdong/舒肤佳/image (36).jpg
2017-12-14 14:42:03,647 INFO    : 重复：C:\Users\tange\Desktop\测试数据\沐浴露\3\jingdong/舒肤佳/image (37).jpeg
2017-12-14 14:42:03,669 INFO    : 重复：C:\Users\tange\Desktop\测试数据\沐浴露\3\jingdong/舒肤佳/image (37).jpg
2017-12-14 14:42:03,678 INFO    : 重复：C:\Users\tange\Desktop\测试数据\沐浴露\3\jingdong/舒肤佳/image (38).jpeg
2017-12-14 14:42:03,688 INFO    : 重复：C:\Users\tange\Desktop\测试数据\沐浴露\3\jingdong/舒肤佳/image (38).jpg
2017-12-14 14:42:03,708 INFO    : 重复：C:\Users\tange\Desktop\测试数据\沐浴露\3\jingdong/舒肤佳/image (39).jpeg
2017-12-14 14:42:03,718 INFO    : 重复：C:\Users\tange\Desktop\测试数据\沐浴露\3\jingdong/舒肤佳/image (4).jpeg
2017-12-14 14:42:03,728 INFO    : 重复：C:\Users\tange\Desktop\测试数据\沐浴露\3\jingdong/舒肤佳/image (4).jpg
2017-12-14 14:42:03,748 INFO    : 重复：C:\Users\tange\Desktop\测试数据\沐浴露\3\jingdong/舒肤佳/image (40).jpeg
2017-12-14 14:42:03,758 INFO    : 重复：C:\Users\tange\Desktop\测试数据\沐浴露\3\jingdong/舒肤佳/image (41).jpeg
2017-12-14 14:42:03,778 INFO    : 重复：C:\Users\tange\Desktop\测试数据\沐浴露\3\jingdong/舒肤佳/image (42).jpeg
2017-12-14 14:42:03,798 INFO    : 重复：C:\Users\tange\Desktop\测试数据\沐浴露\3\jingdong/舒肤佳/image (43).jpeg
2017-12-14 14:42:03,818 INFO    : 重复：C:\Users\tange\Desktop\测试数据\沐浴露\3\jingdong/舒肤佳/image (44).jpeg
2017-12-14 14:42:03,828 INFO    : 重复：C:\Users\tange\Desktop\测试数据\沐浴露\3\jingdong/舒肤佳/image (45).jpeg
2017-12-14 14:42:03,848 INFO    : 重复：C:\Users\tange\Desktop\测试数据\沐浴露\3\jingdong/舒肤佳/image (46).jpeg
2017-12-14 14:42:03,858 INFO    : 重复：C:\Users\tange\Desktop\测试数据\沐浴露\3\jingdong/舒肤佳/image (47).jpeg
2017-12-14 14:42:03,878 INFO    : 重复：C:\Users\tange\Desktop\测试数据\沐浴露\3\jingdong/舒肤佳/image (48).jpeg
2017-12-14 14:42:03,888 INFO    : 重复：C:\Users\tange\Desktop\测试数据\沐浴露\3\jingdong/舒肤佳/image (49).jpeg
2017-12-14 14:42:03,908 INFO    : 重复：C:\Users\tange\Desktop\测试数据\沐浴露\3\jingdong/舒肤佳/image (5).jpeg
2017-12-14 14:42:03,918 INFO    : 重复：C:\Users\tange\Desktop\测试数据\沐浴露\3\jingdong/舒肤佳/image (5).jpg
2017-12-14 14:42:03,938 INFO    : 重复：C:\Users\tange\Desktop\测试数据\沐浴露\3\jingdong/舒肤佳/image (50).jpeg
2017-12-14 14:42:03,948 INFO    : 重复：C:\Users\tange\Desktop\测试数据\沐浴露\3\jingdong/舒肤佳/image (50).jpg
2017-12-14 14:42:03,978 INFO    : 重复：C:\Users\tange\Desktop\测试数据\沐浴露\3\jingdong/舒肤佳/image (51).jpeg
2017-12-14 14:42:03,988 INFO    : 重复：C:\Users\tange\Desktop\测试数据\沐浴露\3\jingdong/舒肤佳/image (52).jpeg
2017-12-14 14:42:04,008 INFO    : 重复：C:\Users\tange\Desktop\测试数据\沐浴露\3\jingdong/舒肤佳/image (52).jpg
2017-12-14 14:42:04,018 INFO    : 重复：C:\Users\tange\Desktop\测试数据\沐浴露\3\jingdong/舒肤佳/image (53).jpeg
2017-12-14 14:42:04,028 INFO    : 重复：C:\Users\tange\Desktop\测试数据\沐浴露\3\jingdong/舒肤佳/image (53).jpg
2017-12-14 14:42:04,048 INFO    : 重复：C:\Users\tange\Desktop\测试数据\沐浴露\3\jingdong/舒肤佳/image (54).jpeg
2017-12-14 14:42:04,058 INFO    : 重复：C:\Users\tange\Desktop\测试数据\沐浴露\3\jingdong/舒肤佳/image (55).jpeg
2017-12-14 14:42:04,078 INFO    : 重复：C:\Users\tange\Desktop\测试数据\沐浴露\3\jingdong/舒肤佳/image (55).jpg
2017-12-14 14:42:04,088 INFO    : 重复：C:\Users\tange\Desktop\测试数据\沐浴露\3\jingdong/舒肤佳/image (56).jpeg
2017-12-14 14:42:04,108 INFO    : 重复：C:\Users\tange\Desktop\测试数据\沐浴露\3\jingdong/舒肤佳/image (56).jpg
2017-12-14 14:42:04,128 INFO    : 重复：C:\Users\tange\Desktop\测试数据\沐浴露\3\jingdong/舒肤佳/image (57).jpeg
2017-12-14 14:42:04,138 INFO    : 重复：C:\Users\tange\Desktop\测试数据\沐浴露\3\jingdong/舒肤佳/image (57).jpg
2017-12-14 14:42:04,158 INFO    : 重复：C:\Users\tange\Desktop\测试数据\沐浴露\3\jingdong/舒肤佳/image (58).jpeg
2017-12-14 14:42:04,178 INFO    : 重复：C:\Users\tange\Desktop\测试数据\沐浴露\3\jingdong/舒肤佳/image (58).jpg
2017-12-14 14:42:04,188 INFO    : 重复：C:\Users\tange\Desktop\测试数据\沐浴露\3\jingdong/舒肤佳/image (59).jpeg
2017-12-14 14:42:04,198 INFO    : 重复：C:\Users\tange\Desktop\测试数据\沐浴露\3\jingdong/舒肤佳/image (59).jpg
2017-12-14 14:42:04,218 INFO    : 重复：C:\Users\tange\Desktop\测试数据\沐浴露\3\jingdong/舒肤佳/image (6).jpeg
2017-12-14 14:42:04,228 INFO    : 重复：C:\Users\tange\Desktop\测试数据\沐浴露\3\jingdong/舒肤佳/image (6).jpg
2017-12-14 14:42:04,238 INFO    : 重复：C:\Users\tange\Desktop\测试数据\沐浴露\3\jingdong/舒肤佳/image (60).jpeg
2017-12-14 14:42:04,258 INFO    : 重复：C:\Users\tange\Desktop\测试数据\沐浴露\3\jingdong/舒肤佳/image (60).jpg
2017-12-14 14:42:04,278 INFO    : 重复：C:\Users\tange\Desktop\测试数据\沐浴露\3\jingdong/舒肤佳/image (61).jpeg
2017-12-14 14:42:04,288 INFO    : 重复：C:\Users\tange\Desktop\测试数据\沐浴露\3\jingdong/舒肤佳/image (61).jpg
2017-12-14 14:42:04,308 INFO    : 重复：C:\Users\tange\Desktop\测试数据\沐浴露\3\jingdong/舒肤佳/image (62).jpeg
2017-12-14 14:42:04,318 INFO    : 重复：C:\Users\tange\Desktop\测试数据\沐浴露\3\jingdong/舒肤佳/image (62).jpg
2017-12-14 14:42:04,338 INFO    : 重复：C:\Users\tange\Desktop\测试数据\沐浴露\3\jingdong/舒肤佳/image (63).jpeg
2017-12-14 14:42:04,358 INFO    : 重复：C:\Users\tange\Desktop\测试数据\沐浴露\3\jingdong/舒肤佳/image (63).jpg
2017-12-14 14:42:04,376 INFO    : 重复：C:\Users\tange\Desktop\测试数据\沐浴露\3\jingdong/舒肤佳/image (64).jpeg
2017-12-14 14:42:04,388 INFO    : 重复：C:\Users\tange\Desktop\测试数据\沐浴露\3\jingdong/舒肤佳/image (64).jpg
2017-12-14 14:42:04,398 INFO    : 重复：C:\Users\tange\Desktop\测试数据\沐浴露\3\jingdong/舒肤佳/image (65).jpeg
2017-12-14 14:42:04,428 INFO    : 重复：C:\Users\tange\Desktop\测试数据\沐浴露\3\jingdong/舒肤佳/image (65).jpg
2017-12-14 14:42:04,458 INFO    : 重复：C:\Users\tange\Desktop\测试数据\沐浴露\3\jingdong/舒肤佳/image (66).jpeg
2017-12-14 14:42:04,478 INFO    : 重复：C:\Users\tange\Desktop\测试数据\沐浴露\3\jingdong/舒肤佳/image (66).jpg
2017-12-14 14:42:04,498 INFO    : 重复：C:\Users\tange\Desktop\测试数据\沐浴露\3\jingdong/舒肤佳/image (67).jpg
2017-12-14 14:42:04,528 INFO    : 重复：C:\Users\tange\Desktop\测试数据\沐浴露\3\jingdong/舒肤佳/image (68).jpg
2017-12-14 14:42:04,538 INFO    : 重复：C:\Users\tange\Desktop\测试数据\沐浴露\3\jingdong/舒肤佳/image (69).jpeg
2017-12-14 14:42:04,548 INFO    : 重复：C:\Users\tange\Desktop\测试数据\沐浴露\3\jingdong/舒肤佳/image (69).jpg
2017-12-14 14:42:04,558 INFO    : 重复：C:\Users\tange\Desktop\测试数据\沐浴露\3\jingdong/舒肤佳/image (7).jpeg
2017-12-14 14:42:04,577 INFO    : 重复：C:\Users\tange\Desktop\测试数据\沐浴露\3\jingdong/舒肤佳/image (7).jpg
2017-12-14 14:42:04,588 INFO    : 重复：C:\Users\tange\Desktop\测试数据\沐浴露\3\jingdong/舒肤佳/image (70).jpg
2017-12-14 14:42:04,598 INFO    : 重复：C:\Users\tange\Desktop\测试数据\沐浴露\3\jingdong/舒肤佳/image (71).jpg
2017-12-14 14:42:04,608 INFO    : 重复：C:\Users\tange\Desktop\测试数据\沐浴露\3\jingdong/舒肤佳/image (72).jpg
2017-12-14 14:42:04,618 INFO    : 重复：C:\Users\tange\Desktop\测试数据\沐浴露\3\jingdong/舒肤佳/image (73).jpg
2017-12-14 14:42:04,638 INFO    : 重复：C:\Users\tange\Desktop\测试数据\沐浴露\3\jingdong/舒肤佳/image (74).jpg
2017-12-14 14:42:04,648 INFO    : 重复：C:\Users\tange\Desktop\测试数据\沐浴露\3\jingdong/舒肤佳/image (75).jpg
2017-12-14 14:42:04,671 INFO    : 重复：C:\Users\tange\Desktop\测试数据\沐浴露\3\jingdong/舒肤佳/image (76).jpg
2017-12-14 14:42:04,688 INFO    : 重复：C:\Users\tange\Desktop\测试数据\沐浴露\3\jingdong/舒肤佳/image (77).jpg
2017-12-14 14:42:04,708 INFO    : 重复：C:\Users\tange\Desktop\测试数据\沐浴露\3\jingdong/舒肤佳/image (78).jpg
2017-12-14 14:42:04,728 INFO    : 重复：C:\Users\tange\Desktop\测试数据\沐浴露\3\jingdong/舒肤佳/image (79).jpg
2017-12-14 14:42:04,748 INFO    : 重复：C:\Users\tange\Desktop\测试数据\沐浴露\3\jingdong/舒肤佳/image (8).jpg
2017-12-14 14:42:04,758 INFO    : 重复：C:\Users\tange\Desktop\测试数据\沐浴露\3\jingdong/舒肤佳/image (80).jpg
2017-12-14 14:42:04,778 INFO    : 重复：C:\Users\tange\Desktop\测试数据\沐浴露\3\jingdong/舒肤佳/image (81).jpg
2017-12-14 14:42:04,788 INFO    : 重复：C:\Users\tange\Desktop\测试数据\沐浴露\3\jingdong/舒肤佳/image (82).jpg
2017-12-14 14:42:04,798 INFO    : 重复：C:\Users\tange\Desktop\测试数据\沐浴露\3\jingdong/舒肤佳/image (83).jpg
2017-12-14 14:42:04,818 INFO    : 重复：C:\Users\tange\Desktop\测试数据\沐浴露\3\jingdong/舒肤佳/image (84).jpg
2017-12-14 14:42:04,828 INFO    : 重复：C:\Users\tange\Desktop\测试数据\沐浴露\3\jingdong/舒肤佳/image (85).jpg
2017-12-14 14:42:04,848 INFO    : 重复：C:\Users\tange\Desktop\测试数据\沐浴露\3\jingdong/舒肤佳/image (86).jpg
2017-12-14 14:42:04,858 INFO    : 重复：C:\Users\tange\Desktop\测试数据\沐浴露\3\jingdong/舒肤佳/image (87).jpg
2017-12-14 14:42:04,878 INFO    : 重复：C:\Users\tange\Desktop\测试数据\沐浴露\3\jingdong/舒肤佳/image (88).jpg
2017-12-14 14:42:04,899 INFO    : 重复：C:\Users\tange\Desktop\测试数据\沐浴露\3\jingdong/舒肤佳/image (89).jpg
2017-12-14 14:42:04,919 INFO    : 重复：C:\Users\tange\Desktop\测试数据\沐浴露\3\jingdong/舒肤佳/image (9).jpeg
2017-12-14 14:42:04,929 INFO    : 重复：C:\Users\tange\Desktop\测试数据\沐浴露\3\jingdong/舒肤佳/image (9).jpg
2017-12-14 14:42:04,949 INFO    : 重复：C:\Users\tange\Desktop\测试数据\沐浴露\3\jingdong/舒肤佳/image (90).jpg
2017-12-14 14:42:04,970 INFO    : 重复：C:\Users\tange\Desktop\测试数据\沐浴露\3\jingdong/舒肤佳/image (91).jpg
2017-12-14 14:42:04,979 INFO    : 重复：C:\Users\tange\Desktop\测试数据\沐浴露\3\jingdong/舒肤佳/image (92).jpg
2017-12-14 14:42:04,989 INFO    : 重复：C:\Users\tange\Desktop\测试数据\沐浴露\3\jingdong/舒肤佳/image (93).jpg
2017-12-14 14:42:05,009 INFO    : 重复：C:\Users\tange\Desktop\测试数据\沐浴露\3\jingdong/舒肤佳/image (94).jpg
2017-12-14 14:42:05,019 INFO    : 重复：C:\Users\tange\Desktop\测试数据\沐浴露\3\jingdong/舒肤佳/image (95).jpg
2017-12-14 14:42:05,039 INFO    : 重复：C:\Users\tange\Desktop\测试数据\沐浴露\3\jingdong/舒肤佳/image (96).jpg
2017-12-14 14:42:05,059 INFO    : 重复：C:\Users\tange\Desktop\测试数据\沐浴露\3\jingdong/舒肤佳/image (97).jpg
2017-12-14 14:42:05,075 INFO    : 重复：C:\Users\tange\Desktop\测试数据\沐浴露\3\jingdong/舒肤佳/image (98).jpg
2017-12-14 14:42:05,089 INFO    : 重复：C:\Users\tange\Desktop\测试数据\沐浴露\3\jingdong/舒肤佳/image (99).jpg
2017-12-14 14:42:05,109 INFO    : 重复：C:\Users\tange\Desktop\测试数据\沐浴露\3\jingdong/舒肤佳香皂/image (1).jpg
2017-12-14 14:42:05,129 INFO    : 重复：C:\Users\tange\Desktop\测试数据\沐浴露\3\jingdong/舒肤佳香皂/image (10).jpg
2017-12-14 14:42:05,159 INFO    : 重复：C:\Users\tange\Desktop\测试数据\沐浴露\3\jingdong/舒肤佳香皂/image (16).jpg
2017-12-14 14:42:05,175 INFO    : 重复：C:\Users\tange\Desktop\测试数据\沐浴露\3\jingdong/舒肤佳香皂/image (19).jpg
2017-12-14 14:42:05,179 INFO    : 重复：C:\Users\tange\Desktop\测试数据\沐浴露\3\jingdong/舒肤佳香皂/image (2).jpeg
2017-12-14 14:42:05,189 INFO    : 重复：C:\Users\tange\Desktop\测试数据\沐浴露\3\jingdong/舒肤佳香皂/image (20).jpeg
2017-12-14 14:42:05,199 INFO    : 重复：C:\Users\tange\Desktop\测试数据\沐浴露\3\jingdong/舒肤佳香皂/image (20).jpg
2017-12-14 14:42:05,209 INFO    : 重复：C:\Users\tange\Desktop\测试数据\沐浴露\3\jingdong/舒肤佳香皂/image (21).jpeg
2017-12-14 14:42:05,229 INFO    : 重复：C:\Users\tange\Desktop\测试数据\沐浴露\3\jingdong/舒肤佳香皂/image (21).jpg
2017-12-14 14:42:05,249 INFO    : 重复：C:\Users\tange\Desktop\测试数据\沐浴露\3\jingdong/舒肤佳香皂/image (22).jpg
2017-12-14 14:42:05,259 INFO    : 重复：C:\Users\tange\Desktop\测试数据\沐浴露\3\jingdong/舒肤佳香皂/image (23).jpg
2017-12-14 14:42:05,279 INFO    : 重复：C:\Users\tange\Desktop\测试数据\沐浴露\3\jingdong/舒肤佳香皂/image (24).jpeg
2017-12-14 14:42:05,299 INFO    : 重复：C:\Users\tange\Desktop\测试数据\沐浴露\3\jingdong/舒肤佳香皂/image (24).jpg
2017-12-14 14:42:05,309 INFO    : 重复：C:\Users\tange\Desktop\测试数据\沐浴露\3\jingdong/舒肤佳香皂/image (25).jpeg
2017-12-14 14:42:05,329 INFO    : 重复：C:\Users\tange\Desktop\测试数据\沐浴露\3\jingdong/舒肤佳香皂/image (25).jpg
2017-12-14 14:42:05,339 INFO    : 重复：C:\Users\tange\Desktop\测试数据\沐浴露\3\jingdong/舒肤佳香皂/image (26).jpeg
2017-12-14 14:42:05,359 INFO    : 重复：C:\Users\tange\Desktop\测试数据\沐浴露\3\jingdong/舒肤佳香皂/image (26).jpg
2017-12-14 14:42:05,375 INFO    : 重复：C:\Users\tange\Desktop\测试数据\沐浴露\3\jingdong/舒肤佳香皂/image (27).jpg
2017-12-14 14:42:05,389 INFO    : 重复：C:\Users\tange\Desktop\测试数据\沐浴露\3\jingdong/舒肤佳香皂/image (28).jpg
2017-12-14 14:42:05,399 INFO    : 重复：C:\Users\tange\Desktop\测试数据\沐浴露\3\jingdong/舒肤佳香皂/image (3).jpeg
2017-12-14 14:42:05,419 INFO    : 重复：C:\Users\tange\Desktop\测试数据\沐浴露\3\jingdong/舒肤佳香皂/image (3).jpg
2017-12-14 14:42:05,439 INFO    : 重复：C:\Users\tange\Desktop\测试数据\沐浴露\3\jingdong/舒肤佳香皂/image (31).jpg
2017-12-14 14:42:05,459 INFO    : 重复：C:\Users\tange\Desktop\测试数据\沐浴露\3\jingdong/舒肤佳香皂/image (32).jpg
2017-12-14 14:42:05,529 INFO    : 重复：C:\Users\tange\Desktop\测试数据\沐浴露\3\jingdong/舒肤佳香皂/image (33).jpg
2017-12-14 14:42:05,559 INFO    : 重复：C:\Users\tange\Desktop\测试数据\沐浴露\3\jingdong/舒肤佳香皂/image (34).jpg
2017-12-14 14:42:05,579 INFO    : 重复：C:\Users\tange\Desktop\测试数据\沐浴露\3\jingdong/舒肤佳香皂/image (35).jpg
2017-12-14 14:42:05,599 INFO    : 重复：C:\Users\tange\Desktop\测试数据\沐浴露\3\jingdong/舒肤佳香皂/image (38).jpg
2017-12-14 14:42:05,609 INFO    : 重复：C:\Users\tange\Desktop\测试数据\沐浴露\3\jingdong/舒肤佳香皂/image (39).jpg
2017-12-14 14:42:05,629 INFO    : 重复：C:\Users\tange\Desktop\测试数据\沐浴露\3\jingdong/舒肤佳香皂/image (4).jpg
2017-12-14 14:42:05,639 INFO    : 重复：C:\Users\tange\Desktop\测试数据\沐浴露\3\jingdong/舒肤佳香皂/image (40).jpg
2017-12-14 14:42:05,649 INFO    : 重复：C:\Users\tange\Desktop\测试数据\沐浴露\3\jingdong/舒肤佳香皂/image (41).jpg
2017-12-14 14:42:05,671 INFO    : 重复：C:\Users\tange\Desktop\测试数据\沐浴露\3\jingdong/舒肤佳香皂/image (42).jpg
2017-12-14 14:42:05,699 INFO    : 重复：C:\Users\tange\Desktop\测试数据\沐浴露\3\jingdong/舒肤佳香皂/image (43).jpg
2017-12-14 14:42:05,719 INFO    : 重复：C:\Users\tange\Desktop\测试数据\沐浴露\3\jingdong/舒肤佳香皂/image (44).jpg
2017-12-14 14:42:05,729 INFO    : 重复：C:\Users\tange\Desktop\测试数据\沐浴露\3\jingdong/舒肤佳香皂/image (45).jpg
2017-12-14 14:42:05,739 INFO    : 重复：C:\Users\tange\Desktop\测试数据\沐浴露\3\jingdong/舒肤佳香皂/image (46).jpg
2017-12-14 14:42:05,749 INFO    : 重复：C:\Users\tange\Desktop\测试数据\沐浴露\3\jingdong/舒肤佳香皂/image (47).jpg
2017-12-14 14:42:05,778 INFO    : 重复：C:\Users\tange\Desktop\测试数据\沐浴露\3\jingdong/舒肤佳香皂/image (48).jpg
2017-12-14 14:42:05,789 INFO    : 重复：C:\Users\tange\Desktop\测试数据\沐浴露\3\jingdong/舒肤佳香皂/image (49).jpg
2017-12-14 14:42:05,799 INFO    : 重复：C:\Users\tange\Desktop\测试数据\沐浴露\3\jingdong/舒肤佳香皂/image (5).jpeg
2017-12-14 14:42:05,819 INFO    : 重复：C:\Users\tange\Desktop\测试数据\沐浴露\3\jingdong/舒肤佳香皂/image (5).jpg
2017-12-14 14:42:05,829 INFO    : 重复：C:\Users\tange\Desktop\测试数据\沐浴露\3\jingdong/舒肤佳香皂/image (50).jpg
2017-12-14 14:42:05,849 INFO    : 重复：C:\Users\tange\Desktop\测试数据\沐浴露\3\jingdong/舒肤佳香皂/image (51).jpg
2017-12-14 14:42:05,859 INFO    : 重复：C:\Users\tange\Desktop\测试数据\沐浴露\3\jingdong/舒肤佳香皂/image (52).jpg
2017-12-14 14:42:05,879 INFO    : 重复：C:\Users\tange\Desktop\测试数据\沐浴露\3\jingdong/舒肤佳香皂/image (53).jpg
2017-12-14 14:42:05,899 INFO    : 重复：C:\Users\tange\Desktop\测试数据\沐浴露\3\jingdong/舒肤佳香皂/image (54).jpg
2017-12-14 14:42:05,909 INFO    : 重复：C:\Users\tange\Desktop\测试数据\沐浴露\3\jingdong/舒肤佳香皂/image (6).jpeg
2017-12-14 14:42:05,929 INFO    : 重复：C:\Users\tange\Desktop\测试数据\沐浴露\3\jingdong/舒肤佳香皂/image (6).jpg
2017-12-14 14:42:05,949 INFO    : 重复：C:\Users\tange\Desktop\测试数据\沐浴露\3\jingdong/舒肤佳香皂/image (7).jpeg
2017-12-14 14:42:05,959 INFO    : 重复：C:\Users\tange\Desktop\测试数据\沐浴露\3\jingdong/舒肤佳香皂/image (7).jpg
2017-12-14 14:42:05,989 INFO    : 重复：C:\Users\tange\Desktop\测试数据\沐浴露\3\jingdong/舒肤佳香皂/image (8).jpeg
2017-12-14 14:42:05,999 INFO    : 重复：C:\Users\tange\Desktop\测试数据\沐浴露\3\jingdong/舒肤佳香皂/image (8).jpg
2017-12-14 14:42:06,009 INFO    : 重复：C:\Users\tange\Desktop\测试数据\沐浴露\3\jingdong/舒肤佳香皂/image (9).jpeg
2017-12-14 14:42:06,029 INFO    : 重复：C:\Users\tange\Desktop\测试数据\沐浴露\3\jingdong/舒肤佳香皂/image (9).jpg
2018-01-05 10:59:51,288 INFO    : 重复：C:\Users\tange\Desktop\测试数据/京东/六神/image (1) - 副本.jpg
2018-01-05 10:59:51,329 INFO    : 重复：C:\Users\tange\Desktop\测试数据/京东/六神/image (1).jpeg
2018-01-05 10:59:51,343 INFO    : 重复：C:\Users\tange\Desktop\测试数据/京东/六神/image (1).jpg
2018-01-05 10:59:51,358 INFO    : 重复：C:\Users\tange\Desktop\测试数据/京东/六神/image (10).jpg
2018-01-05 10:59:51,370 INFO    : 重复：C:\Users\tange\Desktop\测试数据/京东/六神/image (11).jpg
2018-01-05 10:59:51,381 INFO    : 重复：C:\Users\tange\Desktop\测试数据/京东/六神/image (12).jpg
2018-01-05 10:59:51,395 INFO    : 重复：C:\Users\tange\Desktop\测试数据/京东/六神/image (13).jpg
2018-01-05 10:59:51,404 INFO    : 重复：C:\Users\tange\Desktop\测试数据/京东/六神/image (14).jpg
2018-01-05 10:59:51,412 INFO    : 重复：C:\Users\tange\Desktop\测试数据/京东/六神/image (15).jpg
2018-01-05 10:59:51,420 INFO    : 重复：C:\Users\tange\Desktop\测试数据/京东/六神/image (16).jpg
2018-01-05 10:59:51,429 INFO    : 重复：C:\Users\tange\Desktop\测试数据/京东/六神/image (17).jpg
2018-01-05 10:59:51,439 INFO    : 重复：C:\Users\tange\Desktop\测试数据/京东/六神/image (18).jpg
2018-01-05 10:59:51,451 INFO    : 重复：C:\Users\tange\Desktop\测试数据/京东/六神/image (19).jpg
2018-01-05 10:59:51,463 INFO    : 重复：C:\Users\tange\Desktop\测试数据/京东/六神/image (2) - 副本.jpeg
2018-01-05 10:59:51,475 INFO    : 重复：C:\Users\tange\Desktop\测试数据/京东/六神/image (2) - 副本.jpg
2018-01-05 10:59:51,483 INFO    : 重复：C:\Users\tange\Desktop\测试数据/京东/六神/image (2).jpeg
2018-01-05 10:59:51,492 INFO    : 重复：C:\Users\tange\Desktop\测试数据/京东/六神/image (2).jpg
2018-01-05 10:59:51,501 INFO    : 重复：C:\Users\tange\Desktop\测试数据/京东/六神/image (20).jpg
2018-01-05 10:59:51,511 INFO    : 重复：C:\Users\tange\Desktop\测试数据/京东/六神/image (21).jpg
2018-01-05 10:59:51,520 INFO    : 重复：C:\Users\tange\Desktop\测试数据/京东/六神/image (22).jpg
2018-01-05 10:59:51,534 INFO    : 重复：C:\Users\tange\Desktop\测试数据/京东/六神/image (23).jpg
2018-01-05 10:59:51,543 INFO    : 重复：C:\Users\tange\Desktop\测试数据/京东/六神/image (24).jpg
2018-01-05 10:59:51,559 INFO    : 重复：C:\Users\tange\Desktop\测试数据/京东/六神/image (25).jpg
2018-01-05 10:59:51,573 INFO    : 重复：C:\Users\tange\Desktop\测试数据/京东/六神/image (26).jpg
2018-01-05 10:59:51,590 INFO    : 重复：C:\Users\tange\Desktop\测试数据/京东/六神/image (27).jpg
2018-01-05 10:59:51,602 INFO    : 重复：C:\Users\tange\Desktop\测试数据/京东/六神/image (28).jpg
2018-01-05 10:59:51,612 INFO    : 重复：C:\Users\tange\Desktop\测试数据/京东/六神/image (29).jpg
2018-01-05 10:59:51,622 INFO    : 重复：C:\Users\tange\Desktop\测试数据/京东/六神/image (3).jpeg
2018-01-05 10:59:51,633 INFO    : 重复：C:\Users\tange\Desktop\测试数据/京东/六神/image (3).jpg
2018-01-05 10:59:51,643 INFO    : 重复：C:\Users\tange\Desktop\测试数据/京东/六神/image (30).jpg
2018-01-05 10:59:51,652 INFO    : 重复：C:\Users\tange\Desktop\测试数据/京东/六神/image (31).jpg
2018-01-05 10:59:51,662 INFO    : 重复：C:\Users\tange\Desktop\测试数据/京东/六神/image (32).jpg
2018-01-05 10:59:51,674 INFO    : 重复：C:\Users\tange\Desktop\测试数据/京东/六神/image (33).jpg
2018-01-05 10:59:51,686 INFO    : 重复：C:\Users\tange\Desktop\测试数据/京东/六神/image (34).jpg
2018-01-05 10:59:51,698 INFO    : 重复：C:\Users\tange\Desktop\测试数据/京东/六神/image (35).jpg
2018-01-05 10:59:51,710 INFO    : 重复：C:\Users\tange\Desktop\测试数据/京东/六神/image (36).jpg
2018-01-05 10:59:51,725 INFO    : 重复：C:\Users\tange\Desktop\测试数据/京东/六神/image (37).jpg
2018-01-05 10:59:51,753 INFO    : 重复：C:\Users\tange\Desktop\测试数据/京东/六神/image (38).jpg
2018-01-05 10:59:51,768 INFO    : 重复：C:\Users\tange\Desktop\测试数据/京东/六神/image (39).jpg
2018-01-05 10:59:51,778 INFO    : 重复：C:\Users\tange\Desktop\测试数据/京东/六神/image (4).jpeg
2018-01-05 10:59:51,788 INFO    : 重复：C:\Users\tange\Desktop\测试数据/京东/六神/image (4).jpg
2018-01-05 10:59:51,800 INFO    : 重复：C:\Users\tange\Desktop\测试数据/京东/六神/image (40).jpg
2018-01-05 10:59:51,810 INFO    : 重复：C:\Users\tange\Desktop\测试数据/京东/六神/image (41).jpg
2018-01-05 10:59:51,825 INFO    : 重复：C:\Users\tange\Desktop\测试数据/京东/六神/image (42).jpg
2018-01-05 10:59:51,837 INFO    : 重复：C:\Users\tange\Desktop\测试数据/京东/六神/image (43).jpg
2018-01-05 10:59:51,846 INFO    : 重复：C:\Users\tange\Desktop\测试数据/京东/六神/image (44).jpg
2018-01-05 10:59:51,854 INFO    : 重复：C:\Users\tange\Desktop\测试数据/京东/六神/image (45).jpg
2018-01-05 10:59:51,864 INFO    : 重复：C:\Users\tange\Desktop\测试数据/京东/六神/image (46).jpg
2018-01-05 10:59:51,876 INFO    : 重复：C:\Users\tange\Desktop\测试数据/京东/六神/image (47).jpg
2018-01-05 10:59:51,886 INFO    : 重复：C:\Users\tange\Desktop\测试数据/京东/六神/image (48).jpg
2018-01-05 10:59:51,894 INFO    : 重复：C:\Users\tange\Desktop\测试数据/京东/六神/image (49).jpg
2018-01-05 10:59:51,903 INFO    : 重复：C:\Users\tange\Desktop\测试数据/京东/六神/image (5).jpeg
2018-01-05 10:59:51,912 INFO    : 重复：C:\Users\tange\Desktop\测试数据/京东/六神/image (5).jpg
2018-01-05 10:59:51,921 INFO    : 重复：C:\Users\tange\Desktop\测试数据/京东/六神/image (50).jpg
2018-01-05 10:59:51,928 INFO    : 重复：C:\Users\tange\Desktop\测试数据/京东/六神/image (51).jpg
2018-01-05 10:59:51,941 INFO    : 重复：C:\Users\tange\Desktop\测试数据/京东/六神/image (52).jpg
2018-01-05 10:59:51,958 INFO    : 重复：C:\Users\tange\Desktop\测试数据/京东/六神/image (53).jpg
2018-01-05 10:59:51,983 INFO    : 重复：C:\Users\tange\Desktop\测试数据/京东/六神/image (54).jpg
2018-01-05 10:59:52,006 INFO    : 重复：C:\Users\tange\Desktop\测试数据/京东/六神/image (55).jpg
2018-01-05 10:59:52,031 INFO    : 重复：C:\Users\tange\Desktop\测试数据/京东/六神/image (56).jpg
2018-01-05 10:59:52,057 INFO    : 重复：C:\Users\tange\Desktop\测试数据/京东/六神/image (57).jpg
2018-01-05 10:59:52,075 INFO    : 重复：C:\Users\tange\Desktop\测试数据/京东/六神/image (58).jpg
2018-01-05 10:59:52,094 INFO    : 重复：C:\Users\tange\Desktop\测试数据/京东/六神/image (6).jpg
2018-01-05 10:59:52,109 INFO    : 重复：C:\Users\tange\Desktop\测试数据/京东/六神/image (7).jpg
2018-01-05 10:59:52,124 INFO    : 重复：C:\Users\tange\Desktop\测试数据/京东/六神/image (8).jpg
2018-01-05 10:59:52,149 INFO    : 重复：C:\Users\tange\Desktop\测试数据/京东/六神/image (9).jpg
2018-01-05 11:04:04,898 INFO    : 重复：C:\Users\tange\Desktop\测试数据/京东/六神/image (1).jpeg
